<?xml version="1.0" encoding="UTF-8"?>
<testng-results ignored="0" total="1" passed="1" failed="0" skipped="0">
  <reporter-output>
  </reporter-output>
  <suite started-at="2024-01-08T18:47:46 CST" name="Default suite" finished-at="2024-01-08T18:47:58 CST" duration-ms="11364">
    <groups>
    </groups>
    <test started-at="2024-01-08T18:47:46 CST" name="Default test" finished-at="2024-01-08T18:47:58 CST" duration-ms="11364">
      <class name="com.qa.Testcases.LoginTest">
        <test-method is-config="true" signature="setup()[pri:0, instance:com.qa.Testcases.LoginTest@2d52216b]" started-at="2024-01-08T18:47:46 CST" name="setup" finished-at="2024-01-08T18:47:56 CST" duration-ms="9366" status="PASS">
          <reporter-output>
          </reporter-output>
        </test-method> <!-- setup -->
        <test-method signature="loginWithValidCredentials()[pri:0, instance:com.qa.Testcases.LoginTest@2d52216b]" started-at="2024-01-08T18:47:56 CST" name="loginWithValidCredentials" finished-at="2024-01-08T18:47:58 CST" duration-ms="1946" status="PASS">
          <reporter-output>
          </reporter-output>
        </test-method> <!-- loginWithValidCredentials -->
      </class> <!-- com.qa.Testcases.LoginTest -->
    </test> <!-- Default test -->
  </suite> <!-- Default suite -->
</testng-results>
